<?xml version="1.0" encoding="UTF-8"?>
<testsuite name="com.sp.fc.Test1" tests="1" skipped="0" failures="0" errors="0" timestamp="2024-01-23T08:17:08" hostname="DEVKDWDESKTOP" time="0.013">
  <properties/>
  <testcase name="1. 테스트" classname="com.sp.fc.Test1" time="0.013"/>
  <system-out><![CDATA[]]></system-out>
  <system-err><![CDATA[]]></system-err>
</testsuite>
